<?xml version="1.0" encoding="UTF-8"?>
<testng-results ignored="0" total="2" passed="2" failed="0" skipped="0">
  <reporter-output>
  </reporter-output>
  <suite started-at="2021-04-02T16:17:18 EEST" name="org.example.Tests" finished-at="2021-04-02T16:17:24 EEST" duration-ms="6151">
    <groups>
    </groups>
    <test started-at="2021-04-02T16:17:18 EEST" name="Command line test" finished-at="2021-04-02T16:17:24 EEST" duration-ms="6151">
      <class name="org.example.Tests">
        <test-method is-config="true" signature="setup()[pri:0, instance:org.example.Tests@793138bd]" started-at="2021-04-02T16:17:18 EEST" name="setup" finished-at="2021-04-02T16:17:18 EEST" duration-ms="523" status="PASS">
          <reporter-output>
          </reporter-output>
        </test-method> <!-- setup -->
        <test-method signature="landingAccessibilityByAPI()[pri:0, instance:org.example.Tests@793138bd]" started-at="2021-04-02T16:17:18 EEST" name="landingAccessibilityByAPI" finished-at="2021-04-02T16:17:22 EEST" duration-ms="3132" status="PASS">
          <reporter-output>
          </reporter-output>
        </test-method> <!-- landingAccessibilityByAPI -->
        <test-method signature="landingTestUI()[pri:0, instance:org.example.Tests@793138bd]" started-at="2021-04-02T16:17:22 EEST" name="landingTestUI" finished-at="2021-04-02T16:17:23 EEST" duration-ms="1865" status="PASS">
          <reporter-output>
          </reporter-output>
        </test-method> <!-- landingTestUI -->
        <test-method is-config="true" signature="teardown()[pri:0, instance:org.example.Tests@793138bd]" started-at="2021-04-02T16:17:23 EEST" name="teardown" finished-at="2021-04-02T16:17:24 EEST" duration-ms="614" status="PASS">
          <reporter-output>
          </reporter-output>
        </test-method> <!-- teardown -->
      </class> <!-- org.example.Tests -->
    </test> <!-- Command line test -->
  </suite> <!-- org.example.Tests -->
</testng-results>
